<?xml version="1.0" encoding="UTF-8"?>
<testng-results ignored="0" total="4" passed="4" failed="0" skipped="0">
  <reporter-output>
  </reporter-output>
  <suite started-at="2023-06-07T15:52:46 IST" name="Default suite" finished-at="2023-06-07T15:53:56 IST" duration-ms="69491">
    <groups>
    </groups>
    <test started-at="2023-06-07T15:52:46 IST" name="Default test" finished-at="2023-06-07T15:53:56 IST" duration-ms="69491">
      <class name="TestPackage.TestClass1">
        <test-method is-config="true" signature="beforetest()[pri:0, instance:TestPackage.TestClass1@4efbca5a]" started-at="2023-06-07T15:52:46 IST" name="beforetest" finished-at="2023-06-07T15:52:56 IST" duration-ms="9803" status="PASS">
          <reporter-output>
          </reporter-output>
        </test-method> <!-- beforetest -->
        <test-method is-config="true" signature="beforemethod()[pri:0, instance:TestPackage.TestClass1@4efbca5a]" started-at="2023-06-07T15:52:56 IST" name="beforemethod" finished-at="2023-06-07T15:52:57 IST" duration-ms="457" status="PASS">
          <reporter-output>
          </reporter-output>
        </test-method> <!-- beforemethod -->
        <test-method signature="addContact()[pri:1, instance:TestPackage.TestClass1@4efbca5a]" started-at="2023-06-07T15:52:57 IST" name="addContact" finished-at="2023-06-07T15:53:10 IST" duration-ms="13641" status="PASS">
          <reporter-output>
          </reporter-output>
        </test-method> <!-- addContact -->
        <test-method is-config="true" signature="logout()[pri:0, instance:TestPackage.TestClass1@4efbca5a]" started-at="2023-06-07T15:53:10 IST" name="logout" finished-at="2023-06-07T15:53:14 IST" duration-ms="3470" status="PASS">
          <reporter-output>
          </reporter-output>
        </test-method> <!-- logout -->
        <test-method is-config="true" signature="beforemethod()[pri:0, instance:TestPackage.TestClass1@4efbca5a]" started-at="2023-06-07T15:53:14 IST" name="beforemethod" finished-at="2023-06-07T15:53:15 IST" duration-ms="1096" status="PASS">
          <reporter-output>
          </reporter-output>
        </test-method> <!-- beforemethod -->
        <test-method signature="addAppointment()[pri:2, instance:TestPackage.TestClass1@4efbca5a]" started-at="2023-06-07T15:53:15 IST" name="addAppointment" finished-at="2023-06-07T15:53:29 IST" duration-ms="13520" status="PASS">
          <reporter-output>
          </reporter-output>
        </test-method> <!-- addAppointment -->
        <test-method is-config="true" signature="logout()[pri:0, instance:TestPackage.TestClass1@4efbca5a]" started-at="2023-06-07T15:53:29 IST" name="logout" finished-at="2023-06-07T15:53:30 IST" duration-ms="1520" status="PASS">
          <reporter-output>
          </reporter-output>
        </test-method> <!-- logout -->
        <test-method is-config="true" signature="beforemethod()[pri:0, instance:TestPackage.TestClass1@4efbca5a]" started-at="2023-06-07T15:53:30 IST" name="beforemethod" finished-at="2023-06-07T15:53:32 IST" duration-ms="1918" status="PASS">
          <reporter-output>
          </reporter-output>
        </test-method> <!-- beforemethod -->
        <test-method signature="deleteAppointmnet()[pri:3, instance:TestPackage.TestClass1@4efbca5a]" started-at="2023-06-07T15:53:32 IST" name="deleteAppointmnet" finished-at="2023-06-07T15:53:44 IST" duration-ms="11929" status="PASS">
          <reporter-output>
          </reporter-output>
        </test-method> <!-- deleteAppointmnet -->
        <test-method is-config="true" signature="logout()[pri:0, instance:TestPackage.TestClass1@4efbca5a]" started-at="2023-06-07T15:53:44 IST" name="logout" finished-at="2023-06-07T15:53:44 IST" duration-ms="169" status="PASS">
          <reporter-output>
          </reporter-output>
        </test-method> <!-- logout -->
        <test-method is-config="true" signature="beforemethod()[pri:0, instance:TestPackage.TestClass1@4efbca5a]" started-at="2023-06-07T15:53:44 IST" name="beforemethod" finished-at="2023-06-07T15:53:46 IST" duration-ms="1844" status="PASS">
          <reporter-output>
          </reporter-output>
        </test-method> <!-- beforemethod -->
        <test-method signature="deleteContact()[pri:4, instance:TestPackage.TestClass1@4efbca5a]" started-at="2023-06-07T15:53:46 IST" name="deleteContact" finished-at="2023-06-07T15:53:55 IST" duration-ms="8607" status="PASS">
          <reporter-output>
          </reporter-output>
        </test-method> <!-- deleteContact -->
        <test-method is-config="true" signature="logout()[pri:0, instance:TestPackage.TestClass1@4efbca5a]" started-at="2023-06-07T15:53:55 IST" name="logout" finished-at="2023-06-07T15:53:56 IST" duration-ms="1426" status="PASS">
          <reporter-output>
          </reporter-output>
        </test-method> <!-- logout -->
      </class> <!-- TestPackage.TestClass1 -->
    </test> <!-- Default test -->
  </suite> <!-- Default suite -->
</testng-results>
