<?xml version="1.0" encoding="UTF-8"?>
<!-- Generated by org.testng.reporters.JUnitXMLReporter -->
<testsuite ignored="0" hostname="DESKTOP-JFALR25" failures="0" tests="4" name="Default test" time="69.491" errors="0" timestamp="2023-06-07T15:53:56 IST">
  <testcase classname="TestPackage.TestClass1" name="addContact" time="13.641"/>
  <testcase classname="TestPackage.TestClass1" name="addAppointment" time="13.52"/>
  <testcase classname="TestPackage.TestClass1" name="deleteAppointmnet" time="11.929"/>
  <testcase classname="TestPackage.TestClass1" name="deleteContact" time="8.607"/>
</testsuite> <!-- Default test -->
